Determining if the pthread_create exist failed with the following output:
Change Dir: /home/steve/dev/catkin_ws/build/CMakeFiles/CMakeTmp

Run Build Command:"/usr/bin/make" "cmTC_da4df/fast"
/usr/bin/make -f CMakeFiles/cmTC_da4df.dir/build.make CMakeFiles/cmTC_da4df.dir/build
make[1]: Entering directory '/home/steve/dev/catkin_ws/build/CMakeFiles/CMakeTmp'
Building C object CMakeFiles/cmTC_da4df.dir/CheckSymbolExists.c.o
/usr/bin/cc     -o CMakeFiles/cmTC_da4df.dir/CheckSymbolExists.c.o   -c /home/steve/dev/catkin_ws/build/CMakeFiles/CMakeTmp/CheckSymbolExists.c
Linking C executable cmTC_da4df
/usr/bin/cmake -E cmake_link_script CMakeFiles/cmTC_da4df.dir/link.txt --verbose=1
/usr/bin/cc       CMakeFiles/cmTC_da4df.dir/CheckSymbolExists.c.o  -o cmTC_da4df -rdynamic 
CMakeFiles/cmTC_da4df.dir/CheckSymbolExists.c.o: In function `main':
CheckSymbolExists.c:(.text+0x16): undefined reference to `pthread_create'
collect2: error: ld returned 1 exit status
CMakeFiles/cmTC_da4df.dir/build.make:97: recipe for target 'cmTC_da4df' failed
make[1]: *** [cmTC_da4df] Error 1
make[1]: Leaving directory '/home/steve/dev/catkin_ws/build/CMakeFiles/CMakeTmp'
Makefile:126: recipe for target 'cmTC_da4df/fast' failed
make: *** [cmTC_da4df/fast] Error 2

File /home/steve/dev/catkin_ws/build/CMakeFiles/CMakeTmp/CheckSymbolExists.c:
/* */
#include <pthread.h>

int main(int argc, char** argv)
{
  (void)argv;
#ifndef pthread_create
  return ((int*)(&pthread_create))[argc];
#else
  (void)argc;
  return 0;
#endif
}

Determining if the function pthread_create exists in the pthreads failed with the following output:
Change Dir: /home/steve/dev/catkin_ws/build/CMakeFiles/CMakeTmp

Run Build Command:"/usr/bin/make" "cmTC_af5e8/fast"
/usr/bin/make -f CMakeFiles/cmTC_af5e8.dir/build.make CMakeFiles/cmTC_af5e8.dir/build
make[1]: Entering directory '/home/steve/dev/catkin_ws/build/CMakeFiles/CMakeTmp'
Building C object CMakeFiles/cmTC_af5e8.dir/CheckFunctionExists.c.o
/usr/bin/cc    -DCHECK_FUNCTION_EXISTS=pthread_create   -o CMakeFiles/cmTC_af5e8.dir/CheckFunctionExists.c.o   -c /usr/share/cmake-3.5/Modules/CheckFunctionExists.c
Linking C executable cmTC_af5e8
/usr/bin/cmake -E cmake_link_script CMakeFiles/cmTC_af5e8.dir/link.txt --verbose=1
/usr/bin/cc   -DCHECK_FUNCTION_EXISTS=pthread_create    CMakeFiles/cmTC_af5e8.dir/CheckFunctionExists.c.o  -o cmTC_af5e8 -rdynamic -lpthreads 
/usr/bin/ld: cannot find -lpthreads
collect2: error: ld returned 1 exit status
CMakeFiles/cmTC_af5e8.dir/build.make:97: recipe for target 'cmTC_af5e8' failed
make[1]: *** [cmTC_af5e8] Error 1
make[1]: Leaving directory '/home/steve/dev/catkin_ws/build/CMakeFiles/CMakeTmp'
Makefile:126: recipe for target 'cmTC_af5e8/fast' failed
make: *** [cmTC_af5e8/fast] Error 2


